node:internal/modules/cjs/loader:1137
  throw err;
  ^

Error: Cannot find module '/opt/bitnami/apache/htdocs/server.js'
    at Module._resolveFilename (node:internal/modules/cjs/loader:1134:15)
    at Module._load (node:internal/modules/cjs/loader:975:27)
    at Function.executeUserEntryPoint [as runMain] (node:internal/modules/run_main:128:12)
    at node:internal/main/run_main_module:28:49 {
  code: 'MODULE_NOT_FOUND',
  requireStack: []
}

Node.js v18.19.0
(node:2518) Warning: To load an ES module, set "type": "module" in the package.json or use the .mjs extension.
(Use `node --trace-warnings ...` to show where the warning was created)
/opt/bitnami/apache/htdocs/src/server.js:1
import express from 'express';
^^^^^^

SyntaxError: Cannot use import statement outside a module
    at internalCompileFunction (node:internal/vm:73:18)
    at wrapSafe (node:internal/modules/cjs/loader:1274:20)
    at Module._compile (node:internal/modules/cjs/loader:1320:27)
    at Module._extensions..js (node:internal/modules/cjs/loader:1414:10)
    at Module.load (node:internal/modules/cjs/loader:1197:32)
    at Module._load (node:internal/modules/cjs/loader:1013:12)
    at Function.executeUserEntryPoint [as runMain] (node:internal/modules/run_main:128:12)
    at node:internal/main/run_main_module:28:49

Node.js v18.19.0
